\BOOKMARK [0][-]{chapter.1}{\376\377\000D\000a\000t\000e\000i\000-\000V\000e\000r\000z\000e\000i\000c\000h\000n\000i\000s}{}
\BOOKMARK [1][-]{section.1.1}{\376\377\000A\000u\000f\000l\000i\000s\000t\000u\000n\000g\000\040\000d\000e\000r\000\040\000D\000a\000t\000e\000i\000e\000n}{chapter.1}
\BOOKMARK [0][-]{chapter.2}{\376\377\000D\000a\000t\000e\000i\000-\000D\000o\000k\000u\000m\000e\000n\000t\000a\000t\000i\000o\000n}{}
\BOOKMARK [1][-]{section.2.1}{\376\377\000/\000h\000o\000m\000e\000/\000r\000b\000/\000w\000o\000r\000k\000s\000p\000a\000c\000e\000/\000p\000t\0001\0000\0000\000l\000i\000b\000/\000i\000n\000c\000l\000u\000d\000e\000s\000/\000p\000t\0001\0000\0000\000\137\000t\000y\000p\000e\000s\000.\000h\000-\000D\000a\000t\000e\000i\000r\000e\000f\000e\000r\000e\000n\000z}{chapter.2}
\BOOKMARK [2][-]{subsection.2.1.1}{\376\377\000A\000u\000s\000f\000\374\000h\000r\000l\000i\000c\000h\000e\000\040\000B\000e\000s\000c\000h\000r\000e\000i\000b\000u\000n\000g}{section.2.1}
\BOOKMARK [2][-]{subsection.2.1.2}{\376\377\000D\000o\000k\000u\000m\000e\000n\000t\000a\000t\000i\000o\000n\000\040\000d\000e\000r\000\040\000b\000e\000n\000u\000t\000z\000e\000r\000d\000e\000f\000i\000n\000i\000e\000r\000t\000e\000n\000\040\000T\000y\000p\000e\000n}{section.2.1}
\BOOKMARK [3][-]{subsubsection.2.1.2.1}{\376\377\000\137\000\137\000s\0001\0006}{subsection.2.1.2}
\BOOKMARK [3][-]{subsubsection.2.1.2.2}{\376\377\000\137\000\137\000s\0003\0002}{subsection.2.1.2}
\BOOKMARK [3][-]{subsubsection.2.1.2.3}{\376\377\000\137\000\137\000s\0006\0004}{subsection.2.1.2}
\BOOKMARK [3][-]{subsubsection.2.1.2.4}{\376\377\000\137\000\137\000s\0008}{subsection.2.1.2}
\BOOKMARK [3][-]{subsubsection.2.1.2.5}{\376\377\000\137\000\137\000s\000c\0001\0006}{subsection.2.1.2}
\BOOKMARK [3][-]{subsubsection.2.1.2.6}{\376\377\000\137\000\137\000s\000c\0003\0002}{subsection.2.1.2}
\BOOKMARK [3][-]{subsubsection.2.1.2.7}{\376\377\000\137\000\137\000s\000c\0006\0004}{subsection.2.1.2}
\BOOKMARK [3][-]{subsubsection.2.1.2.8}{\376\377\000\137\000\137\000s\000c\0008}{subsection.2.1.2}
\BOOKMARK [3][-]{subsubsection.2.1.2.9}{\376\377\000\137\000\137\000u\0001\0006}{subsection.2.1.2}
\BOOKMARK [3][-]{subsubsection.2.1.2.10}{\376\377\000\137\000\137\000u\0003\0002}{subsection.2.1.2}
\BOOKMARK [3][-]{subsubsection.2.1.2.11}{\376\377\000\137\000\137\000u\0006\0004}{subsection.2.1.2}
\BOOKMARK [3][-]{subsubsection.2.1.2.12}{\376\377\000\137\000\137\000u\0008}{subsection.2.1.2}
\BOOKMARK [3][-]{subsubsection.2.1.2.13}{\376\377\000\137\000\137\000u\000c\0001\0006}{subsection.2.1.2}
\BOOKMARK [3][-]{subsubsection.2.1.2.14}{\376\377\000\137\000\137\000u\000c\0003\0002}{subsection.2.1.2}
\BOOKMARK [3][-]{subsubsection.2.1.2.15}{\376\377\000\137\000\137\000u\000c\0006\0004}{subsection.2.1.2}
\BOOKMARK [3][-]{subsubsection.2.1.2.16}{\376\377\000\137\000\137\000u\000c\0008}{subsection.2.1.2}
\BOOKMARK [3][-]{subsubsection.2.1.2.17}{\376\377\000\137\000\137\000v\000s\0001\0006}{subsection.2.1.2}
\BOOKMARK [3][-]{subsubsection.2.1.2.18}{\376\377\000\137\000\137\000v\000s\0003\0002}{subsection.2.1.2}
\BOOKMARK [3][-]{subsubsection.2.1.2.19}{\376\377\000\137\000\137\000v\000s\0006\0004}{subsection.2.1.2}
\BOOKMARK [3][-]{subsubsection.2.1.2.20}{\376\377\000\137\000\137\000v\000s\0008}{subsection.2.1.2}
\BOOKMARK [3][-]{subsubsection.2.1.2.21}{\376\377\000\137\000\137\000v\000s\000c\0001\0006}{subsection.2.1.2}
\BOOKMARK [3][-]{subsubsection.2.1.2.22}{\376\377\000\137\000\137\000v\000s\000c\0003\0002}{subsection.2.1.2}
\BOOKMARK [3][-]{subsubsection.2.1.2.23}{\376\377\000\137\000\137\000v\000s\000c\0006\0004}{subsection.2.1.2}
\BOOKMARK [3][-]{subsubsection.2.1.2.24}{\376\377\000\137\000\137\000v\000s\000c\0008}{subsection.2.1.2}
\BOOKMARK [3][-]{subsubsection.2.1.2.25}{\376\377\000\137\000\137\000v\000u\0001\0006}{subsection.2.1.2}
\BOOKMARK [3][-]{subsubsection.2.1.2.26}{\376\377\000\137\000\137\000v\000u\0003\0002}{subsection.2.1.2}
\BOOKMARK [3][-]{subsubsection.2.1.2.27}{\376\377\000\137\000\137\000v\000u\0006\0004}{subsection.2.1.2}
\BOOKMARK [3][-]{subsubsection.2.1.2.28}{\376\377\000\137\000\137\000v\000u\0008}{subsection.2.1.2}
\BOOKMARK [3][-]{subsubsection.2.1.2.29}{\376\377\000\137\000\137\000v\000u\000c\0001\0006}{subsection.2.1.2}
\BOOKMARK [3][-]{subsubsection.2.1.2.30}{\376\377\000\137\000\137\000v\000u\000c\0003\0002}{subsection.2.1.2}
\BOOKMARK [3][-]{subsubsection.2.1.2.31}{\376\377\000\137\000\137\000v\000u\000c\0006\0004}{subsection.2.1.2}
\BOOKMARK [3][-]{subsubsection.2.1.2.32}{\376\377\000\137\000\137\000v\000u\000c\0008}{subsection.2.1.2}
\BOOKMARK [2][-]{subsection.2.1.3}{\376\377\000D\000o\000k\000u\000m\000e\000n\000t\000a\000t\000i\000o\000n\000\040\000d\000e\000r\000\040\000A\000u\000f\000z\000\344\000h\000l\000u\000n\000g\000s\000t\000y\000p\000e\000n}{section.2.1}
\BOOKMARK [3][-]{subsubsection.2.1.3.1}{\376\377\000b\000o\000o\000l}{subsection.2.1.3}
\BOOKMARK [1][-]{section.2.2}{\376\377\000/\000h\000o\000m\000e\000/\000r\000b\000/\000w\000o\000r\000k\000s\000p\000a\000c\000e\000/\000p\000t\0001\0000\0000\000l\000i\000b\000/\000i\000n\000c\000l\000u\000d\000e\000s\000/\000p\000t\0001\0000\0000\000l\000i\000b\000.\000h\000-\000D\000a\000t\000e\000i\000r\000e\000f\000e\000r\000e\000n\000z}{chapter.2}
\BOOKMARK [2][-]{subsection.2.2.1}{\376\377\000A\000u\000s\000f\000\374\000h\000r\000l\000i\000c\000h\000e\000\040\000B\000e\000s\000c\000h\000r\000e\000i\000b\000u\000n\000g}{section.2.2}
\BOOKMARK [2][-]{subsection.2.2.2}{\376\377\000D\000o\000k\000u\000m\000e\000n\000t\000a\000t\000i\000o\000n\000\040\000d\000e\000r\000\040\000F\000u\000n\000k\000t\000i\000o\000n\000e\000n}{section.2.2}
\BOOKMARK [3][-]{subsubsection.2.2.2.1}{\376\377\000p\000t\0001\0000\0000\000\137\000R\0002\000T}{subsection.2.2.2}
\BOOKMARK [3][-]{subsubsection.2.2.2.2}{\376\377\000p\000t\0001\0000\0000\000\137\000T\0002\000R}{subsection.2.2.2}
\BOOKMARK [1][-]{section.2.3}{\376\377\000/\000h\000o\000m\000e\000/\000r\000b\000/\000w\000o\000r\000k\000s\000p\000a\000c\000e\000/\000p\000t\0001\0000\0000\000l\000i\000b\000/\000p\000r\000i\000v\000a\000t\000e\000/\000p\000t\0001\0000\0000\000\137\000t\000a\000b\000l\000e\000.\000h\000-\000D\000a\000t\000e\000i\000r\000e\000f\000e\000r\000e\000n\000z}{chapter.2}
\BOOKMARK [2][-]{subsection.2.3.1}{\376\377\000A\000u\000s\000f\000\374\000h\000r\000l\000i\000c\000h\000e\000\040\000B\000e\000s\000c\000h\000r\000e\000i\000b\000u\000n\000g}{section.2.3}
\BOOKMARK [2][-]{subsection.2.3.2}{\376\377\000M\000a\000k\000r\000o\000-\000D\000o\000k\000u\000m\000e\000n\000t\000a\000t\000i\000o\000n}{section.2.3}
\BOOKMARK [3][-]{subsubsection.2.3.2.1}{\376\377\000I\000N\000D\000E\000X\000\137\000M\000A\000X}{subsection.2.3.2}
\BOOKMARK [3][-]{subsubsection.2.3.2.2}{\376\377\000I\000N\000D\000E\000X\000\137\000Z\000E\000R\000O}{subsection.2.3.2}
\BOOKMARK [3][-]{subsubsection.2.3.2.3}{\376\377\000R\000\137\000M\000A\000X}{subsection.2.3.2}
\BOOKMARK [3][-]{subsubsection.2.3.2.4}{\376\377\000R\000\137\000M\000I\000N}{subsection.2.3.2}
\BOOKMARK [3][-]{subsubsection.2.3.2.5}{\376\377\000T\000\137\000D\000I\000F\000F}{subsection.2.3.2}
\BOOKMARK [3][-]{subsubsection.2.3.2.6}{\376\377\000T\000\137\000M\000A\000X}{subsection.2.3.2}
\BOOKMARK [3][-]{subsubsection.2.3.2.7}{\376\377\000T\000\137\000M\000I\000N}{subsection.2.3.2}
\BOOKMARK [2][-]{subsection.2.3.3}{\376\377\000V\000a\000r\000i\000a\000b\000l\000e\000n\000-\000D\000o\000k\000u\000m\000e\000n\000t\000a\000t\000i\000o\000n}{section.2.3}
\BOOKMARK [3][-]{subsubsection.2.3.3.1}{\376\377\000p\000t\0001\0000\0000\000\137\000t\000a\000b\000l\000e}{subsection.2.3.3}
\BOOKMARK [1][-]{section.2.4}{\376\377\000/\000h\000o\000m\000e\000/\000r\000b\000/\000w\000o\000r\000k\000s\000p\000a\000c\000e\000/\000p\000t\0001\0000\0000\000l\000i\000b\000/\000s\000r\000c\000/\000p\000t\0001\0000\0000\000l\000i\000b\000.\000c\000-\000D\000a\000t\000e\000i\000r\000e\000f\000e\000r\000e\000n\000z}{chapter.2}
\BOOKMARK [2][-]{subsection.2.4.1}{\376\377\000A\000u\000s\000f\000\374\000h\000r\000l\000i\000c\000h\000e\000\040\000B\000e\000s\000c\000h\000r\000e\000i\000b\000u\000n\000g}{section.2.4}
\BOOKMARK [2][-]{subsection.2.4.2}{\376\377\000D\000o\000k\000u\000m\000e\000n\000t\000a\000t\000i\000o\000n\000\040\000d\000e\000r\000\040\000F\000u\000n\000k\000t\000i\000o\000n\000e\000n}{section.2.4}
\BOOKMARK [3][-]{subsubsection.2.4.2.1}{\376\377\000p\000t\0001\0000\0000\000\137\000R\0002\000T}{subsection.2.4.2}
\BOOKMARK [3][-]{subsubsection.2.4.2.2}{\376\377\000p\000t\0001\0000\0000\000\137\000T\0002\000R}{subsection.2.4.2}
